<?xml version="1.0" encoding="UTF-8"?>
<!-- Generated by org.testng.reporters.JUnitReportReporter -->
<testsuite skipped="0" hostname="iqbal" name="search.ItemSearch" tests="1" failures="0" timestamp="24 Mar 2017 23:44:16 GMT" time="239.361" errors="0">
  <testcase name="dropDownSearch" time="239.361" classname="search.ItemSearch"/>
</testsuite> <!-- search.ItemSearch -->
