<?xml version="1.0" encoding="UTF-8"?>
<!-- Generated by org.testng.reporters.JUnitReportReporter -->
<testsuite skipped="0" hostname="iqbal" name="news.Search" tests="1" failures="0" timestamp="24 Mar 2017 23:09:17 GMT" time="64.988" errors="0">
  <testcase name="searchNews" time="64.988" classname="news.Search"/>
</testsuite> <!-- news.Search -->
